<?xml version="1.0" encoding="UTF-8"?>
<!-- Generated by org.testng.reporters.JUnitReportReporter -->
<testsuite hostname="testing" failures="0" tests="7" name="com.TestNG.Tests.OrangeHRM" time="21.034" errors="0" timestamp="2023-10-21T09:40:02 GMT" skipped="0">
  <testcase classname="com.TestNG.Tests.OrangeHRM" name="VerifyLogin" time="2.221"/>
  <testcase classname="com.TestNG.Tests.OrangeHRM" name="VerifyMyInfo" time="1.240"/>
  <testcase classname="com.TestNG.Tests.OrangeHRM" name="LaunchApp" time="5.005"/>
  <testcase classname="com.TestNG.Tests.OrangeHRM" name="NavigateToMyInfo" time="3.041"/>
  <testcase classname="com.TestNG.Tests.OrangeHRM" name="Login" time="3.169"/>
  <testcase classname="com.TestNG.Tests.OrangeHRM" name="Login" time="2.038"/>
  <testcase classname="com.TestNG.Tests.OrangeHRM" name="LaunchApp" time="4.320"/>
</testsuite> <!-- com.TestNG.Tests.OrangeHRM -->
